Flutter crash report; please file at https://github.com/flutter/flutter/issues.

## command

flutter build apk

## exception

ProcessException: ProcessException: Process "C:\Users\vedan\Desktop\flutter\avalon_manage\android\gradlew.bat" exited abnormally:
Error occurred during initialization of VM
Could not reserve enough space for object heap
  Command: C:\Users\vedan\Desktop\flutter\avalon_manage\android\gradlew.bat -v

```
#0      runCheckedAsync (package:flutter_tools/src/base/process.dart:251:5)
<asynchronous suspension>
#1      _initializeGradle (package:flutter_tools/src/android/gradle.dart:185:9)
<asynchronous suspension>
#2      _ensureGradle (package:flutter_tools/src/android/gradle.dart:166:37)
<asynchronous suspension>
#3      buildGradleProject (package:flutter_tools/src/android/gradle.dart:290:31)
<asynchronous suspension>
#4      buildApk (package:flutter_tools/src/android/apk.dart:43:10)
<asynchronous suspension>
#5      BuildApkCommand.runCommand (package:flutter_tools/src/commands/build_apk.dart:44:11)
<asynchronous suspension>
#6      FlutterCommand.verifyThenRunCommand (package:flutter_tools/src/runner/flutter_command.dart:401:18)
#7      _asyncThenWrapperHelper.<anonymous closure> (dart:async/runtime/libasync_patch.dart:77:64)
#8      _rootRunUnary (dart:async/zone.dart:1132:38)
#9      _CustomZone.runUnary (dart:async/zone.dart:1029:19)
#10     _FutureListener.handleValue (dart:async/future_impl.dart:129:18)
#11     Future._propagateToListeners.handleValueCallback (dart:async/future_impl.dart:642:45)
#12     Future._propagateToListeners (dart:async/future_impl.dart:671:32)
#13     Future._complete (dart:async/future_impl.dart:476:7)
#14     _SyncCompleter.complete (dart:async/future_impl.dart:51:12)
#15     _AsyncAwaitCompleter.complete.<anonymous closure> (dart:async/runtime/libasync_patch.dart:33:20)
#16     _rootRun (dart:async/zone.dart:1124:13)
#17     _CustomZone.run (dart:async/zone.dart:1021:19)
#18     _CustomZone.bindCallback.<anonymous closure> (dart:async/zone.dart:947:23)
#19     _microtaskLoop (dart:async/schedule_microtask.dart:41:21)
#20     _startMicrotaskLoop (dart:async/schedule_microtask.dart:50:5)
#21     _runPendingImmediateCallback (dart:isolate/runtime/libisolate_patch.dart:115:13)
#22     _RawReceivePortImpl._handleMessage (dart:isolate/runtime/libisolate_patch.dart:172:5)
```

## flutter doctor

```
[32m[✓][39m Flutter (Channel beta, v1.0.0, on Microsoft Windows [Version 10.0.17134.523], locale en-IN)
    [32m•[39m Flutter version 1.0.0 at C:\flutter
    [32m•[39m Framework revision 5391447fae (8 weeks ago), 2018-11-29 19:41:26 -0800
    [32m•[39m Engine revision 7375a0f414
    [32m•[39m Dart version 2.1.0 (build 2.1.0-dev.9.4 f9ebf21297)

[33m[!][39m Android toolchain - develop for Android devices (Android SDK 28.0.3)
    [32m•[39m Android SDK at C:\Users\vedan\AppData\Local\Android
    [32m•[39m Android NDK location not configured (optional; useful for native profiling support)
    [32m•[39m Platform android-28, build-tools 28.0.3
    [32m•[39m ANDROID_HOME = C:\Users\vedan\AppData\Local\Android
    [32m•[39m Java binary at: C:\Program Files\Java\jdk1.8.0_131\bin\java
    [31m✗[39m Could not determine java version

[33m[!][39m Android Studio (version 3.1)
    [32m•[39m Android Studio at C:\Program Files\Android\Android Studio
    [32m•[39m Flutter plugin version 28.0.1
    [32m•[39m Dart plugin version 173.4700
    [31m✗[39m Unable to determine bundled Java version.
    [32m•[39m Try updating or re-installing Android Studio.

[32m[✓][39m VS Code (version 1.30.2)
    [32m•[39m VS Code at C:\Users\vedan\AppData\Local\Programs\Microsoft VS Code
    [32m•[39m Flutter extension version 2.22.1

[32m[✓][39m Connected device (1 available)
    [32m•[39m SM G950F • ce051715338dea1d02 • android-arm64 • Android 8.0.0 (API 26)

[33m![39m Doctor found issues in 2 categories.
```
